2026-01-13 19:00:03 [main] INFO  com.raks.muleguard.MuleGuardMain - Starting MuleGuard validation on: C:\raks\temp\muleapp1_muleguard
2026-01-13 19:00:03 [main] INFO  com.raks.muleguard.MuleGuardMain - Scanning for Mule API projects...
2026-01-13 19:00:04 [main] INFO  c.r.muleguard.util.ProjectDiscovery - Searching for Mule projects in: C:\raks\temp\muleapp1_muleguard
2026-01-13 19:00:04 [main] INFO  c.r.muleguard.util.ProjectDiscovery - Maximum search depth: 5
2026-01-13 19:00:04 [main] INFO  c.r.muleguard.util.ProjectDiscovery - Found 1 Mule project(s):
2026-01-13 19:00:04 [main] INFO  c.r.muleguard.util.ProjectDiscovery -   1. C:\raks\temp\muleapp1_muleguard
2026-01-13 19:00:04 [main] INFO  com.raks.muleguard.MuleGuardMain - 
2026-01-13 19:00:04 [main] INFO  com.raks.muleguard.MuleGuardMain - Validating API: muleapp1_muleguard
2026-01-13 19:00:35 [main] INFO  com.raks.muleguard.MuleGuardMain - Starting MuleGuard validation on: C:\raks\temp\muleapp1_muleguard
2026-01-13 19:00:35 [main] INFO  com.raks.muleguard.MuleGuardMain - Scanning for Mule API projects...
2026-01-13 19:00:35 [main] INFO  c.r.muleguard.util.ProjectDiscovery - Searching for Mule projects in: C:\raks\temp\muleapp1_muleguard
2026-01-13 19:00:35 [main] INFO  c.r.muleguard.util.ProjectDiscovery - Maximum search depth: 5
2026-01-13 19:00:35 [main] INFO  c.r.muleguard.util.ProjectDiscovery - Found 1 Mule project(s):
2026-01-13 19:00:35 [main] INFO  c.r.muleguard.util.ProjectDiscovery -   1. C:\raks\temp\muleapp1_muleguard
2026-01-13 19:00:35 [main] INFO  com.raks.muleguard.MuleGuardMain - 
2026-01-13 19:00:35 [main] INFO  com.raks.muleguard.MuleGuardMain - Validating API: muleapp1_muleguard
2026-01-13 19:03:31 [main] INFO  com.raks.muleguard.MuleGuardMain - Starting MuleGuard validation on: C:\raks\temp\muleapp1_muleguard
2026-01-13 19:03:31 [main] INFO  com.raks.muleguard.MuleGuardMain - Scanning for Mule API projects...
2026-01-13 19:03:31 [main] INFO  c.r.muleguard.util.ProjectDiscovery - Searching for Mule projects in: C:\raks\temp\muleapp1_muleguard
2026-01-13 19:03:31 [main] INFO  c.r.muleguard.util.ProjectDiscovery - Maximum search depth: 5
2026-01-13 19:03:31 [main] INFO  c.r.muleguard.util.ProjectDiscovery - Found 1 Mule project(s):
2026-01-13 19:03:31 [main] INFO  c.r.muleguard.util.ProjectDiscovery -   1. C:\raks\temp\muleapp1_muleguard
2026-01-13 19:03:31 [main] INFO  com.raks.muleguard.MuleGuardMain - 
2026-01-13 19:03:31 [main] INFO  com.raks.muleguard.MuleGuardMain - Validating API: muleapp1_muleguard
2026-01-13 19:06:29 [main] INFO  com.raks.muleguard.MuleGuardMain - Starting MuleGuard validation on: C:\raks\temp\muleapp1_muleguard
2026-01-13 19:06:29 [main] INFO  com.raks.muleguard.MuleGuardMain - Scanning for Mule API projects...
2026-01-13 19:06:29 [main] INFO  c.r.muleguard.util.ProjectDiscovery - Searching for Mule projects in: C:\raks\temp\muleapp1_muleguard
2026-01-13 19:06:29 [main] INFO  c.r.muleguard.util.ProjectDiscovery - Maximum search depth: 5
2026-01-13 19:06:29 [main] INFO  c.r.muleguard.util.ProjectDiscovery - Found 1 Mule project(s):
2026-01-13 19:06:29 [main] INFO  c.r.muleguard.util.ProjectDiscovery -   1. C:\raks\temp\muleapp1_muleguard
2026-01-13 19:06:29 [main] INFO  com.raks.muleguard.MuleGuardMain - 
2026-01-13 19:06:29 [main] INFO  com.raks.muleguard.MuleGuardMain - Validating API: muleapp1_muleguard
2026-01-13 19:08:45 [main] INFO  com.raks.muleguard.MuleGuardMain - Starting MuleGuard validation on: C:\raks\temp\muleapp1_muleguard
2026-01-13 19:08:45 [main] INFO  com.raks.muleguard.MuleGuardMain - Scanning for Mule API projects...
2026-01-13 19:08:45 [main] INFO  c.r.muleguard.util.ProjectDiscovery - Searching for Mule projects in: C:\raks\temp\muleapp1_muleguard
2026-01-13 19:08:45 [main] INFO  c.r.muleguard.util.ProjectDiscovery - Maximum search depth: 5
2026-01-13 19:08:45 [main] INFO  c.r.muleguard.util.ProjectDiscovery - Found 1 Mule project(s):
2026-01-13 19:08:45 [main] INFO  c.r.muleguard.util.ProjectDiscovery -   1. C:\raks\temp\muleapp1_muleguard
2026-01-13 19:08:45 [main] INFO  com.raks.muleguard.MuleGuardMain - 
2026-01-13 19:08:45 [main] INFO  com.raks.muleguard.MuleGuardMain - Validating API: muleapp1_muleguard
2026-01-13 19:11:36 [main] INFO  com.raks.muleguard.MuleGuardMain - Starting MuleGuard validation on: C:\raks\temp\muleapp1_muleguard
2026-01-13 19:11:36 [main] INFO  com.raks.muleguard.MuleGuardMain - Scanning for Mule API projects...
2026-01-13 19:11:36 [main] INFO  c.r.muleguard.util.ProjectDiscovery - Searching for Mule projects in: C:\raks\temp\muleapp1_muleguard
2026-01-13 19:11:36 [main] INFO  c.r.muleguard.util.ProjectDiscovery - Maximum search depth: 5
2026-01-13 19:11:36 [main] INFO  c.r.muleguard.util.ProjectDiscovery - Found 1 Mule project(s):
2026-01-13 19:11:36 [main] INFO  c.r.muleguard.util.ProjectDiscovery -   1. C:\raks\temp\muleapp1_muleguard
2026-01-13 19:11:36 [main] INFO  com.raks.muleguard.MuleGuardMain - 
2026-01-13 19:11:36 [main] INFO  com.raks.muleguard.MuleGuardMain - Validating API: muleapp1_muleguard
2026-01-13 19:11:39 [main] INFO  c.r.muleguard.engine.ReportGenerator - Logo copied to muleapp1_muleguard
2026-01-13 19:11:39 [main] INFO  com.raks.muleguard.MuleGuardMain -    FAIL | Passed: 8 | Failed: 22 | Skipped: 0
2026-01-13 19:11:39 [main] INFO  c.r.muleguard.engine.ReportGenerator - Consolidated report generated: C:\raks\temp\muleapp1_muleguard\muleguard-reports\CONSOLIDATED-REPORT.html
2026-01-13 19:11:39 [main] INFO  c.r.muleguard.engine.ReportGenerator - Help file copied
2026-01-13 19:11:39 [main] INFO  c.r.muleguard.engine.ReportGenerator - Logo copied
2026-01-13 19:11:39 [main] INFO  c.r.muleguard.engine.ReportGenerator - Consolidated Excel report generated
2026-01-13 19:11:39 [main] INFO  c.r.muleguard.engine.ReportGenerator - Checklist generated
2026-01-13 19:11:39 [main] INFO  c.r.muleguard.engine.ReportGenerator - Rule guide generated
2026-01-13 19:11:39 [main] INFO  com.raks.muleguard.MuleGuardMain - BATCH VALIDATION COMPLETE!
2026-01-13 19:11:39 [main] INFO  com.raks.muleguard.MuleGuardMain - Consolidated report: C:\raks\temp\muleapp1_muleguard\muleguard-reports\CONSOLIDATED-REPORT.html
2026-01-13 19:11:39 [main] INFO  com.raks.muleguard.MuleGuardMain - Individual reports in: C:\raks\temp\muleapp1_muleguard\muleguard-reports
2026-01-13 20:01:28 [main] INFO  com.raks.muleguard.MuleGuardMain - Starting MuleGuard validation on: C:\raks\temp\cond_test
2026-01-13 20:01:28 [main] INFO  com.raks.muleguard.MuleGuardMain - Scanning for Mule API projects...
2026-01-13 20:01:28 [main] INFO  c.r.muleguard.util.ProjectDiscovery - Searching for Mule projects in: C:\raks\temp\cond_test
2026-01-13 20:01:28 [main] INFO  c.r.muleguard.util.ProjectDiscovery - Maximum search depth: 5
2026-01-13 20:01:28 [main] INFO  c.r.muleguard.util.ProjectDiscovery - No Mule projects found in: C:\raks\temp\cond_test
2026-01-13 20:01:28 [main] INFO  com.raks.muleguard.MuleGuardMain - 
2026-01-13 20:01:28 [main] WARN  c.r.muleguard.engine.ReportGenerator - No results to generate consolidated report
2026-01-13 20:01:28 [main] INFO  com.raks.muleguard.MuleGuardMain - BATCH VALIDATION COMPLETE!
2026-01-13 20:01:28 [main] INFO  com.raks.muleguard.MuleGuardMain - Consolidated report: C:\raks\temp\cond_test\muleguard-reports\CONSOLIDATED-REPORT.html
2026-01-13 20:01:28 [main] INFO  com.raks.muleguard.MuleGuardMain - Individual reports in: C:\raks\temp\cond_test\muleguard-reports
2026-01-13 20:01:36 [main] INFO  com.raks.muleguard.MuleGuardMain - Starting MuleGuard validation on: C:\raks\temp\cond_test
2026-01-13 20:01:36 [main] INFO  com.raks.muleguard.MuleGuardMain - Scanning for Mule API projects...
2026-01-13 20:01:37 [main] INFO  c.r.muleguard.util.ProjectDiscovery - Searching for Mule projects in: C:\raks\temp\cond_test
2026-01-13 20:01:37 [main] INFO  c.r.muleguard.util.ProjectDiscovery - Maximum search depth: 5
2026-01-13 20:01:37 [main] INFO  c.r.muleguard.util.ProjectDiscovery - No Mule projects found in: C:\raks\temp\cond_test
2026-01-13 20:01:37 [main] INFO  com.raks.muleguard.MuleGuardMain - 
2026-01-13 20:01:37 [main] WARN  c.r.muleguard.engine.ReportGenerator - No results to generate consolidated report
2026-01-13 20:01:37 [main] INFO  com.raks.muleguard.MuleGuardMain - BATCH VALIDATION COMPLETE!
2026-01-13 20:01:37 [main] INFO  com.raks.muleguard.MuleGuardMain - Consolidated report: C:\raks\temp\cond_test\muleguard-reports\CONSOLIDATED-REPORT.html
2026-01-13 20:01:37 [main] INFO  com.raks.muleguard.MuleGuardMain - Individual reports in: C:\raks\temp\cond_test\muleguard-reports
2026-01-13 20:01:54 [main] INFO  com.raks.muleguard.MuleGuardMain - Starting MuleGuard validation on: C:\raks\temp\cond_test
2026-01-13 20:01:54 [main] INFO  com.raks.muleguard.MuleGuardMain - Scanning for Mule API projects...
2026-01-13 20:01:55 [main] INFO  c.r.muleguard.util.ProjectDiscovery - Searching for Mule projects in: C:\raks\temp\cond_test
2026-01-13 20:01:55 [main] INFO  c.r.muleguard.util.ProjectDiscovery - Maximum search depth: 5
2026-01-13 20:01:55 [main] INFO  c.r.muleguard.util.ProjectDiscovery - No Mule projects found in: C:\raks\temp\cond_test
2026-01-13 20:01:55 [main] INFO  com.raks.muleguard.MuleGuardMain - 
2026-01-13 20:01:55 [main] WARN  c.r.muleguard.engine.ReportGenerator - No results to generate consolidated report
2026-01-13 20:01:55 [main] INFO  com.raks.muleguard.MuleGuardMain - BATCH VALIDATION COMPLETE!
2026-01-13 20:01:55 [main] INFO  com.raks.muleguard.MuleGuardMain - Consolidated report: C:\raks\temp\cond_test\muleguard-reports\CONSOLIDATED-REPORT.html
2026-01-13 20:01:55 [main] INFO  com.raks.muleguard.MuleGuardMain - Individual reports in: C:\raks\temp\cond_test\muleguard-reports
2026-01-13 20:02:17 [main] INFO  com.raks.muleguard.MuleGuardMain - Starting MuleGuard validation on: C:\raks\temp\cond_test
2026-01-13 20:02:17 [main] INFO  com.raks.muleguard.MuleGuardMain - Scanning for Mule API projects...
2026-01-13 20:02:17 [main] INFO  c.r.muleguard.util.ProjectDiscovery - Searching for Mule projects in: C:\raks\temp\cond_test
2026-01-13 20:02:17 [main] INFO  c.r.muleguard.util.ProjectDiscovery - Maximum search depth: 5
2026-01-13 20:02:17 [main] INFO  c.r.muleguard.util.ProjectDiscovery - Found 2 Mule project(s):
2026-01-13 20:02:17 [main] INFO  c.r.muleguard.util.ProjectDiscovery -   1. C:\raks\temp\cond_test\my-batch-api
2026-01-13 20:02:17 [main] INFO  c.r.muleguard.util.ProjectDiscovery -   2. C:\raks\temp\cond_test\my-regular-api
2026-01-13 20:02:17 [main] INFO  com.raks.muleguard.MuleGuardMain - 
2026-01-13 20:02:17 [main] INFO  com.raks.muleguard.MuleGuardMain - Validating API: my-batch-api
2026-01-13 20:02:57 [main] INFO  com.raks.muleguard.MuleGuardMain - Starting MuleGuard validation on: C:\raks\temp\cond_test
2026-01-13 20:02:57 [main] INFO  com.raks.muleguard.MuleGuardMain - Scanning for Mule API projects...
2026-01-13 20:02:58 [main] INFO  c.r.muleguard.util.ProjectDiscovery - Searching for Mule projects in: C:\raks\temp\cond_test
2026-01-13 20:02:58 [main] INFO  c.r.muleguard.util.ProjectDiscovery - Maximum search depth: 5
2026-01-13 20:02:58 [main] INFO  c.r.muleguard.util.ProjectDiscovery - Found 2 Mule project(s):
2026-01-13 20:02:58 [main] INFO  c.r.muleguard.util.ProjectDiscovery -   1. C:\raks\temp\cond_test\my-batch-api
2026-01-13 20:02:58 [main] INFO  c.r.muleguard.util.ProjectDiscovery -   2. C:\raks\temp\cond_test\my-regular-api
2026-01-13 20:02:58 [main] INFO  com.raks.muleguard.MuleGuardMain - 
2026-01-13 20:02:58 [main] INFO  com.raks.muleguard.MuleGuardMain - Validating API: my-batch-api
2026-01-13 20:03:22 [main] INFO  com.raks.muleguard.MuleGuardMain - Starting MuleGuard validation on: C:\raks\temp\cond_test
2026-01-13 20:03:22 [main] INFO  com.raks.muleguard.MuleGuardMain - Scanning for Mule API projects...
2026-01-13 20:03:22 [main] INFO  c.r.muleguard.util.ProjectDiscovery - Searching for Mule projects in: C:\raks\temp\cond_test
2026-01-13 20:03:22 [main] INFO  c.r.muleguard.util.ProjectDiscovery - Maximum search depth: 5
2026-01-13 20:03:22 [main] INFO  c.r.muleguard.util.ProjectDiscovery - Found 2 Mule project(s):
2026-01-13 20:03:22 [main] INFO  c.r.muleguard.util.ProjectDiscovery -   1. C:\raks\temp\cond_test\my-batch-api
2026-01-13 20:03:22 [main] INFO  c.r.muleguard.util.ProjectDiscovery -   2. C:\raks\temp\cond_test\my-regular-api
2026-01-13 20:03:22 [main] INFO  com.raks.muleguard.MuleGuardMain - 
2026-01-13 20:03:22 [main] INFO  com.raks.muleguard.MuleGuardMain - Validating API: my-batch-api
2026-01-13 20:03:38 [main] INFO  com.raks.muleguard.MuleGuardMain - Starting MuleGuard validation on: C:\raks\temp\cond_test
2026-01-13 20:03:38 [main] INFO  com.raks.muleguard.MuleGuardMain - Scanning for Mule API projects...
2026-01-13 20:03:38 [main] INFO  c.r.muleguard.util.ProjectDiscovery - Searching for Mule projects in: C:\raks\temp\cond_test
2026-01-13 20:03:38 [main] INFO  c.r.muleguard.util.ProjectDiscovery - Maximum search depth: 5
2026-01-13 20:03:38 [main] INFO  c.r.muleguard.util.ProjectDiscovery - Found 2 Mule project(s):
2026-01-13 20:03:38 [main] INFO  c.r.muleguard.util.ProjectDiscovery -   1. C:\raks\temp\cond_test\my-batch-api
2026-01-13 20:03:38 [main] INFO  c.r.muleguard.util.ProjectDiscovery -   2. C:\raks\temp\cond_test\my-regular-api
2026-01-13 20:03:38 [main] INFO  com.raks.muleguard.MuleGuardMain - 
2026-01-13 20:03:38 [main] INFO  com.raks.muleguard.MuleGuardMain - Validating API: my-batch-api
2026-01-13 20:03:42 [main] INFO  c.r.muleguard.engine.ReportGenerator - Logo copied to my-batch-api
2026-01-13 20:03:42 [main] INFO  com.raks.muleguard.MuleGuardMain -    FAIL | Passed: 12 | Failed: 5 | Skipped: 0
2026-01-13 20:03:42 [main] INFO  com.raks.muleguard.MuleGuardMain - Validating API: my-regular-api
2026-01-13 20:03:42 [main] INFO  c.r.muleguard.engine.ReportGenerator - Logo copied to my-regular-api
2026-01-13 20:03:42 [main] INFO  com.raks.muleguard.MuleGuardMain -    FAIL | Passed: 12 | Failed: 5 | Skipped: 0
2026-01-13 20:03:42 [main] INFO  c.r.muleguard.engine.ReportGenerator - Consolidated report generated: C:\raks\temp\cond_test\muleguard-reports\CONSOLIDATED-REPORT.html
2026-01-13 20:03:42 [main] INFO  c.r.muleguard.engine.ReportGenerator - Help file copied
2026-01-13 20:03:42 [main] INFO  c.r.muleguard.engine.ReportGenerator - Logo copied
2026-01-13 20:03:42 [main] INFO  c.r.muleguard.engine.ReportGenerator - Consolidated Excel report generated
2026-01-13 20:03:42 [main] INFO  c.r.muleguard.engine.ReportGenerator - Checklist generated
2026-01-13 20:03:43 [main] INFO  c.r.muleguard.engine.ReportGenerator - Rule guide generated
2026-01-13 20:03:43 [main] INFO  com.raks.muleguard.MuleGuardMain - BATCH VALIDATION COMPLETE!
2026-01-13 20:03:43 [main] INFO  com.raks.muleguard.MuleGuardMain - Consolidated report: C:\raks\temp\cond_test\muleguard-reports\CONSOLIDATED-REPORT.html
2026-01-13 20:03:43 [main] INFO  com.raks.muleguard.MuleGuardMain - Individual reports in: C:\raks\temp\cond_test\muleguard-reports
2026-01-13 20:04:20 [main] INFO  com.raks.muleguard.MuleGuardMain - Starting MuleGuard validation on: C:\raks\temp\cond_test
2026-01-13 20:04:20 [main] INFO  com.raks.muleguard.MuleGuardMain - Scanning for Mule API projects...
2026-01-13 20:04:20 [main] INFO  c.r.muleguard.util.ProjectDiscovery - Searching for Mule projects in: C:\raks\temp\cond_test
2026-01-13 20:04:20 [main] INFO  c.r.muleguard.util.ProjectDiscovery - Maximum search depth: 5
2026-01-13 20:04:20 [main] INFO  c.r.muleguard.util.ProjectDiscovery - Found 2 Mule project(s):
2026-01-13 20:04:20 [main] INFO  c.r.muleguard.util.ProjectDiscovery -   1. C:\raks\temp\cond_test\my-batch-api
2026-01-13 20:04:20 [main] INFO  c.r.muleguard.util.ProjectDiscovery -   2. C:\raks\temp\cond_test\my-regular-api
2026-01-13 20:04:20 [main] INFO  com.raks.muleguard.MuleGuardMain - 
2026-01-13 20:04:20 [main] INFO  com.raks.muleguard.MuleGuardMain - Validating API: my-batch-api
2026-01-13 20:04:23 [main] INFO  c.r.muleguard.engine.ReportGenerator - Logo copied to my-batch-api
2026-01-13 20:04:23 [main] INFO  com.raks.muleguard.MuleGuardMain -    FAIL | Passed: 12 | Failed: 5 | Skipped: 0
2026-01-13 20:04:23 [main] INFO  com.raks.muleguard.MuleGuardMain - Validating API: my-regular-api
2026-01-13 20:04:24 [main] INFO  c.r.muleguard.engine.ReportGenerator - Logo copied to my-regular-api
2026-01-13 20:04:24 [main] INFO  com.raks.muleguard.MuleGuardMain -    FAIL | Passed: 12 | Failed: 5 | Skipped: 0
2026-01-13 20:04:24 [main] INFO  c.r.muleguard.engine.ReportGenerator - Consolidated report generated: C:\raks\temp\cond_test\muleguard-reports\CONSOLIDATED-REPORT.html
2026-01-13 20:04:24 [main] INFO  c.r.muleguard.engine.ReportGenerator - Help file copied
2026-01-13 20:04:24 [main] INFO  c.r.muleguard.engine.ReportGenerator - Logo copied
2026-01-13 20:04:24 [main] INFO  c.r.muleguard.engine.ReportGenerator - Consolidated Excel report generated
2026-01-13 20:04:24 [main] INFO  c.r.muleguard.engine.ReportGenerator - Checklist generated
2026-01-13 20:04:24 [main] INFO  c.r.muleguard.engine.ReportGenerator - Rule guide generated
2026-01-13 20:04:24 [main] INFO  com.raks.muleguard.MuleGuardMain - BATCH VALIDATION COMPLETE!
2026-01-13 20:04:24 [main] INFO  com.raks.muleguard.MuleGuardMain - Consolidated report: C:\raks\temp\cond_test\muleguard-reports\CONSOLIDATED-REPORT.html
2026-01-13 20:04:24 [main] INFO  com.raks.muleguard.MuleGuardMain - Individual reports in: C:\raks\temp\cond_test\muleguard-reports
2026-01-13 20:05:01 [main] INFO  com.raks.muleguard.MuleGuardMain - Starting MuleGuard validation on: C:\raks\temp\cond_test
2026-01-13 20:05:01 [main] INFO  com.raks.muleguard.MuleGuardMain - Scanning for Mule API projects...
2026-01-13 20:05:01 [main] INFO  c.r.muleguard.util.ProjectDiscovery - Searching for Mule projects in: C:\raks\temp\cond_test
2026-01-13 20:05:01 [main] INFO  c.r.muleguard.util.ProjectDiscovery - Maximum search depth: 5
2026-01-13 20:05:01 [main] INFO  c.r.muleguard.util.ProjectDiscovery - Found 2 Mule project(s):
2026-01-13 20:05:01 [main] INFO  c.r.muleguard.util.ProjectDiscovery -   1. C:\raks\temp\cond_test\my-batch-api
2026-01-13 20:05:01 [main] INFO  c.r.muleguard.util.ProjectDiscovery -   2. C:\raks\temp\cond_test\my-regular-api
2026-01-13 20:05:01 [main] INFO  com.raks.muleguard.MuleGuardMain - 
2026-01-13 20:05:01 [main] INFO  com.raks.muleguard.MuleGuardMain - Validating API: my-batch-api
2026-01-13 20:05:05 [main] INFO  c.r.muleguard.engine.ReportGenerator - Logo copied to my-batch-api
2026-01-13 20:05:05 [main] INFO  com.raks.muleguard.MuleGuardMain -    FAIL | Passed: 11 | Failed: 6 | Skipped: 0
2026-01-13 20:05:05 [main] INFO  com.raks.muleguard.MuleGuardMain - Validating API: my-regular-api
2026-01-13 20:05:05 [main] INFO  c.r.muleguard.engine.ReportGenerator - Logo copied to my-regular-api
2026-01-13 20:05:05 [main] INFO  com.raks.muleguard.MuleGuardMain -    FAIL | Passed: 12 | Failed: 5 | Skipped: 0
2026-01-13 20:05:05 [main] INFO  c.r.muleguard.engine.ReportGenerator - Consolidated report generated: C:\raks\temp\cond_test\muleguard-reports\CONSOLIDATED-REPORT.html
2026-01-13 20:05:05 [main] INFO  c.r.muleguard.engine.ReportGenerator - Help file copied
2026-01-13 20:05:05 [main] INFO  c.r.muleguard.engine.ReportGenerator - Logo copied
2026-01-13 20:05:05 [main] INFO  c.r.muleguard.engine.ReportGenerator - Consolidated Excel report generated
2026-01-13 20:05:05 [main] INFO  c.r.muleguard.engine.ReportGenerator - Checklist generated
2026-01-13 20:05:06 [main] INFO  c.r.muleguard.engine.ReportGenerator - Rule guide generated
2026-01-13 20:05:06 [main] INFO  com.raks.muleguard.MuleGuardMain - BATCH VALIDATION COMPLETE!
2026-01-13 20:05:06 [main] INFO  com.raks.muleguard.MuleGuardMain - Consolidated report: C:\raks\temp\cond_test\muleguard-reports\CONSOLIDATED-REPORT.html
2026-01-13 20:05:06 [main] INFO  com.raks.muleguard.MuleGuardMain - Individual reports in: C:\raks\temp\cond_test\muleguard-reports
2026-01-13 20:05:32 [main] INFO  com.raks.muleguard.MuleGuardMain - Starting MuleGuard validation on: C:\raks\temp\cond_test
2026-01-13 20:05:32 [main] INFO  com.raks.muleguard.MuleGuardMain - Scanning for Mule API projects...
2026-01-13 20:05:32 [main] INFO  c.r.muleguard.util.ProjectDiscovery - Searching for Mule projects in: C:\raks\temp\cond_test
2026-01-13 20:05:32 [main] INFO  c.r.muleguard.util.ProjectDiscovery - Maximum search depth: 5
2026-01-13 20:05:32 [main] INFO  c.r.muleguard.util.ProjectDiscovery - Found 2 Mule project(s):
2026-01-13 20:05:32 [main] INFO  c.r.muleguard.util.ProjectDiscovery -   1. C:\raks\temp\cond_test\my-batch-api
2026-01-13 20:05:32 [main] INFO  c.r.muleguard.util.ProjectDiscovery -   2. C:\raks\temp\cond_test\my-regular-api
2026-01-13 20:05:32 [main] INFO  com.raks.muleguard.MuleGuardMain - 
2026-01-13 20:05:32 [main] INFO  com.raks.muleguard.MuleGuardMain - Validating API: my-batch-api
2026-01-13 20:05:36 [main] INFO  c.r.muleguard.engine.ReportGenerator - Logo copied to my-batch-api
2026-01-13 20:05:36 [main] INFO  com.raks.muleguard.MuleGuardMain -    FAIL | Passed: 11 | Failed: 6 | Skipped: 0
2026-01-13 20:05:36 [main] INFO  com.raks.muleguard.MuleGuardMain - Validating API: my-regular-api
2026-01-13 20:05:36 [main] INFO  c.r.muleguard.engine.ReportGenerator - Logo copied to my-regular-api
2026-01-13 20:05:36 [main] INFO  com.raks.muleguard.MuleGuardMain -    FAIL | Passed: 12 | Failed: 5 | Skipped: 0
2026-01-13 20:05:36 [main] INFO  c.r.muleguard.engine.ReportGenerator - Consolidated report generated: C:\raks\temp\cond_test\muleguard-reports\CONSOLIDATED-REPORT.html
2026-01-13 20:05:36 [main] INFO  c.r.muleguard.engine.ReportGenerator - Help file copied
2026-01-13 20:05:36 [main] INFO  c.r.muleguard.engine.ReportGenerator - Logo copied
2026-01-13 20:05:37 [main] INFO  c.r.muleguard.engine.ReportGenerator - Consolidated Excel report generated
2026-01-13 20:05:37 [main] INFO  c.r.muleguard.engine.ReportGenerator - Checklist generated
2026-01-13 20:05:37 [main] INFO  c.r.muleguard.engine.ReportGenerator - Rule guide generated
2026-01-13 20:05:37 [main] INFO  com.raks.muleguard.MuleGuardMain - BATCH VALIDATION COMPLETE!
2026-01-13 20:05:37 [main] INFO  com.raks.muleguard.MuleGuardMain - Consolidated report: C:\raks\temp\cond_test\muleguard-reports\CONSOLIDATED-REPORT.html
2026-01-13 20:05:37 [main] INFO  com.raks.muleguard.MuleGuardMain - Individual reports in: C:\raks\temp\cond_test\muleguard-reports
2026-01-13 20:24:04 [main] INFO  com.raks.muleguard.MuleGuardMain - Starting MuleGuard validation on: C:\raks\temp\cond_test_v2
2026-01-13 20:24:04 [main] INFO  com.raks.muleguard.MuleGuardMain - Scanning for Mule API projects...
2026-01-13 20:24:05 [main] INFO  c.r.muleguard.util.ProjectDiscovery - Searching for Mule projects in: C:\raks\temp\cond_test_v2
2026-01-13 20:24:05 [main] INFO  c.r.muleguard.util.ProjectDiscovery - Maximum search depth: 5
2026-01-13 20:24:05 [main] INFO  c.r.muleguard.util.ProjectDiscovery - No Mule projects found in: C:\raks\temp\cond_test_v2
2026-01-13 20:24:05 [main] INFO  com.raks.muleguard.MuleGuardMain - 
2026-01-13 20:24:05 [main] WARN  c.r.muleguard.engine.ReportGenerator - No results to generate consolidated report
2026-01-13 20:24:05 [main] INFO  com.raks.muleguard.MuleGuardMain - BATCH VALIDATION COMPLETE!
2026-01-13 20:24:05 [main] INFO  com.raks.muleguard.MuleGuardMain - Consolidated report: C:\raks\temp\cond_test_v2\muleguard-reports\CONSOLIDATED-REPORT.html
2026-01-13 20:24:05 [main] INFO  com.raks.muleguard.MuleGuardMain - Individual reports in: C:\raks\temp\cond_test_v2\muleguard-reports
2026-01-13 20:24:30 [main] INFO  com.raks.muleguard.MuleGuardMain - Starting MuleGuard validation on: C:\raks\temp\cond_test_v2
2026-01-13 20:24:30 [main] INFO  com.raks.muleguard.MuleGuardMain - Scanning for Mule API projects...
2026-01-13 20:24:30 [main] INFO  c.r.muleguard.util.ProjectDiscovery - Searching for Mule projects in: C:\raks\temp\cond_test_v2
2026-01-13 20:24:30 [main] INFO  c.r.muleguard.util.ProjectDiscovery - Maximum search depth: 5
2026-01-13 20:24:30 [main] INFO  c.r.muleguard.util.ProjectDiscovery - Found 1 Mule project(s):
2026-01-13 20:24:30 [main] INFO  c.r.muleguard.util.ProjectDiscovery -   1. C:\raks\temp\cond_test_v2\test-exp-api
2026-01-13 20:24:30 [main] INFO  com.raks.muleguard.MuleGuardMain - 
2026-01-13 20:24:30 [main] INFO  com.raks.muleguard.MuleGuardMain - Validating API: test-exp-api
2026-01-13 20:24:33 [main] INFO  c.r.muleguard.engine.ReportGenerator - Logo copied to test-exp-api
2026-01-13 20:24:33 [main] INFO  com.raks.muleguard.MuleGuardMain -    FAIL | Passed: 14 | Failed: 5 | Skipped: 0
2026-01-13 20:24:33 [main] INFO  c.r.muleguard.engine.ReportGenerator - Consolidated report generated: C:\raks\temp\cond_test_v2\muleguard-reports\CONSOLIDATED-REPORT.html
2026-01-13 20:24:33 [main] INFO  c.r.muleguard.engine.ReportGenerator - Help file copied
2026-01-13 20:24:33 [main] INFO  c.r.muleguard.engine.ReportGenerator - Logo copied
2026-01-13 20:24:34 [main] INFO  c.r.muleguard.engine.ReportGenerator - Consolidated Excel report generated
2026-01-13 20:24:34 [main] INFO  c.r.muleguard.engine.ReportGenerator - Checklist generated
2026-01-13 20:24:34 [main] INFO  c.r.muleguard.engine.ReportGenerator - Rule guide generated
2026-01-13 20:24:34 [main] INFO  com.raks.muleguard.MuleGuardMain - BATCH VALIDATION COMPLETE!
2026-01-13 20:24:34 [main] INFO  com.raks.muleguard.MuleGuardMain - Consolidated report: C:\raks\temp\cond_test_v2\muleguard-reports\CONSOLIDATED-REPORT.html
2026-01-13 20:24:34 [main] INFO  com.raks.muleguard.MuleGuardMain - Individual reports in: C:\raks\temp\cond_test_v2\muleguard-reports
2026-01-13 20:27:32 [main] INFO  com.raks.muleguard.MuleGuardMain - Starting MuleGuard validation on: C:\raks\temp\cond_test_v2
2026-01-13 20:27:32 [main] INFO  com.raks.muleguard.MuleGuardMain - Scanning for Mule API projects...
2026-01-13 20:27:32 [main] INFO  c.r.muleguard.util.ProjectDiscovery - Searching for Mule projects in: C:\raks\temp\cond_test_v2
2026-01-13 20:27:32 [main] INFO  c.r.muleguard.util.ProjectDiscovery - Maximum search depth: 5
2026-01-13 20:27:32 [main] INFO  c.r.muleguard.util.ProjectDiscovery - Found 1 Mule project(s):
2026-01-13 20:27:32 [main] INFO  c.r.muleguard.util.ProjectDiscovery -   1. C:\raks\temp\cond_test_v2\test-exp-api
2026-01-13 20:27:32 [main] INFO  com.raks.muleguard.MuleGuardMain - 
2026-01-13 20:27:32 [main] INFO  com.raks.muleguard.MuleGuardMain - Validating API: test-exp-api
2026-01-13 20:27:36 [main] INFO  c.r.muleguard.engine.ReportGenerator - Logo copied to test-exp-api
2026-01-13 20:27:36 [main] INFO  com.raks.muleguard.MuleGuardMain -    FAIL | Passed: 14 | Failed: 5 | Skipped: 0
2026-01-13 20:27:36 [main] INFO  c.r.muleguard.engine.ReportGenerator - Consolidated report generated: C:\raks\temp\cond_test_v2\muleguard-reports\CONSOLIDATED-REPORT.html
2026-01-13 20:27:36 [main] INFO  c.r.muleguard.engine.ReportGenerator - Help file copied
2026-01-13 20:27:36 [main] INFO  c.r.muleguard.engine.ReportGenerator - Logo copied
2026-01-13 20:27:36 [main] INFO  c.r.muleguard.engine.ReportGenerator - Consolidated Excel report generated
2026-01-13 20:27:36 [main] INFO  c.r.muleguard.engine.ReportGenerator - Checklist generated
2026-01-13 20:27:36 [main] INFO  c.r.muleguard.engine.ReportGenerator - Rule guide generated
2026-01-13 20:27:36 [main] INFO  com.raks.muleguard.MuleGuardMain - BATCH VALIDATION COMPLETE!
2026-01-13 20:27:36 [main] INFO  com.raks.muleguard.MuleGuardMain - Consolidated report: C:\raks\temp\cond_test_v2\muleguard-reports\CONSOLIDATED-REPORT.html
2026-01-13 20:27:36 [main] INFO  com.raks.muleguard.MuleGuardMain - Individual reports in: C:\raks\temp\cond_test_v2\muleguard-reports
2026-01-13 20:27:59 [main] INFO  com.raks.muleguard.MuleGuardMain - Starting MuleGuard validation on: C:\raks\temp\cond_test_v2
2026-01-13 20:27:59 [main] INFO  com.raks.muleguard.MuleGuardMain - Scanning for Mule API projects...
2026-01-13 20:27:59 [main] INFO  c.r.muleguard.util.ProjectDiscovery - Searching for Mule projects in: C:\raks\temp\cond_test_v2
2026-01-13 20:27:59 [main] INFO  c.r.muleguard.util.ProjectDiscovery - Maximum search depth: 5
2026-01-13 20:27:59 [main] INFO  c.r.muleguard.util.ProjectDiscovery - Found 1 Mule project(s):
2026-01-13 20:27:59 [main] INFO  c.r.muleguard.util.ProjectDiscovery -   1. C:\raks\temp\cond_test_v2\test-exp-api
2026-01-13 20:27:59 [main] INFO  com.raks.muleguard.MuleGuardMain - 
2026-01-13 20:27:59 [main] INFO  com.raks.muleguard.MuleGuardMain - Validating API: test-exp-api
2026-01-13 20:28:02 [main] INFO  c.r.muleguard.engine.ReportGenerator - Logo copied to test-exp-api
2026-01-13 20:28:02 [main] INFO  com.raks.muleguard.MuleGuardMain -    FAIL | Passed: 7 | Failed: 12 | Skipped: 0
2026-01-13 20:28:02 [main] INFO  c.r.muleguard.engine.ReportGenerator - Consolidated report generated: C:\raks\temp\cond_test_v2\muleguard-reports\CONSOLIDATED-REPORT.html
2026-01-13 20:28:02 [main] INFO  c.r.muleguard.engine.ReportGenerator - Help file copied
2026-01-13 20:28:02 [main] INFO  c.r.muleguard.engine.ReportGenerator - Logo copied
2026-01-13 20:28:03 [main] INFO  c.r.muleguard.engine.ReportGenerator - Consolidated Excel report generated
2026-01-13 20:28:03 [main] INFO  c.r.muleguard.engine.ReportGenerator - Checklist generated
2026-01-13 20:28:03 [main] INFO  c.r.muleguard.engine.ReportGenerator - Rule guide generated
2026-01-13 20:28:03 [main] INFO  com.raks.muleguard.MuleGuardMain - BATCH VALIDATION COMPLETE!
2026-01-13 20:28:03 [main] INFO  com.raks.muleguard.MuleGuardMain - Consolidated report: C:\raks\temp\cond_test_v2\muleguard-reports\CONSOLIDATED-REPORT.html
2026-01-13 20:28:03 [main] INFO  com.raks.muleguard.MuleGuardMain - Individual reports in: C:\raks\temp\cond_test_v2\muleguard-reports
2026-01-13 21:02:45 [main] INFO  com.raks.muleguard.gui.MuleGuardGUI - MuleGuard GUI started at http://localhost:8080
2026-01-13 21:02:45 [main] INFO  com.raks.muleguard.gui.MuleGuardGUI - Press Ctrl+C to stop
2026-01-13 21:03:07 [HTTP-Dispatcher] INFO  com.raks.muleguard.gui.MuleGuardGUI - Running validation on: C:\raks\temp
2026-01-13 21:03:07 [HTTP-Dispatcher] INFO  com.raks.muleguard.MuleGuardMain - Starting MuleGuard validation on: C:\raks\temp
2026-01-13 21:03:07 [HTTP-Dispatcher] INFO  com.raks.muleguard.MuleGuardMain - Scanning for Mule API projects...
2026-01-13 21:03:07 [HTTP-Dispatcher] INFO  c.r.muleguard.util.ProjectDiscovery - Searching for Mule projects in: C:\raks\temp
2026-01-13 21:03:07 [HTTP-Dispatcher] INFO  c.r.muleguard.util.ProjectDiscovery - Maximum search depth: 5
2026-01-13 21:03:07 [HTTP-Dispatcher] INFO  c.r.muleguard.util.ProjectDiscovery - Found 6 Mule project(s):
2026-01-13 21:03:07 [HTTP-Dispatcher] INFO  c.r.muleguard.util.ProjectDiscovery -   1. C:\raks\temp\cond_test\my-batch-api
2026-01-13 21:03:07 [HTTP-Dispatcher] INFO  c.r.muleguard.util.ProjectDiscovery -   2. C:\raks\temp\cond_test\my-regular-api
2026-01-13 21:03:07 [HTTP-Dispatcher] INFO  c.r.muleguard.util.ProjectDiscovery -   3. C:\raks\temp\cond_test_v2\test-exp-api
2026-01-13 21:03:07 [HTTP-Dispatcher] INFO  c.r.muleguard.util.ProjectDiscovery -   4. C:\raks\temp\muleapp1
2026-01-13 21:03:07 [HTTP-Dispatcher] INFO  c.r.muleguard.util.ProjectDiscovery -   5. C:\raks\temp\muleapp1_muleguard
2026-01-13 21:03:07 [HTTP-Dispatcher] INFO  c.r.muleguard.util.ProjectDiscovery -   6. C:\raks\temp\muleapp1_muleguard_config
2026-01-13 21:03:07 [HTTP-Dispatcher] INFO  com.raks.muleguard.MuleGuardMain - 
2026-01-13 21:03:07 [HTTP-Dispatcher] INFO  com.raks.muleguard.MuleGuardMain - Validating API: my-batch-api
2026-01-13 21:03:12 [HTTP-Dispatcher] INFO  c.r.muleguard.engine.ReportGenerator - Logo copied to my-batch-api
2026-01-13 21:03:12 [HTTP-Dispatcher] INFO  com.raks.muleguard.MuleGuardMain -    FAIL | Passed: 14 | Failed: 5 | Skipped: 0
2026-01-13 21:03:12 [HTTP-Dispatcher] INFO  com.raks.muleguard.MuleGuardMain - Validating API: my-regular-api
2026-01-13 21:03:12 [HTTP-Dispatcher] INFO  c.r.muleguard.engine.ReportGenerator - Logo copied to my-regular-api
2026-01-13 21:03:12 [HTTP-Dispatcher] INFO  com.raks.muleguard.MuleGuardMain -    FAIL | Passed: 14 | Failed: 5 | Skipped: 0
2026-01-13 21:03:12 [HTTP-Dispatcher] INFO  com.raks.muleguard.MuleGuardMain - Validating API: test-exp-api
2026-01-13 21:03:13 [HTTP-Dispatcher] INFO  c.r.muleguard.engine.ReportGenerator - Logo copied to test-exp-api
2026-01-13 21:03:13 [HTTP-Dispatcher] INFO  com.raks.muleguard.MuleGuardMain -    FAIL | Passed: 7 | Failed: 12 | Skipped: 0
2026-01-13 21:03:13 [HTTP-Dispatcher] INFO  com.raks.muleguard.MuleGuardMain - Validating API: muleapp1
2026-01-13 21:03:13 [HTTP-Dispatcher] INFO  c.r.muleguard.engine.ReportGenerator - Logo copied to muleapp1
2026-01-13 21:03:13 [HTTP-Dispatcher] INFO  com.raks.muleguard.MuleGuardMain -    FAIL | Passed: 9 | Failed: 10 | Skipped: 0
2026-01-13 21:03:13 [HTTP-Dispatcher] INFO  com.raks.muleguard.MuleGuardMain - Validating API: muleapp1_muleguard
2026-01-13 21:03:14 [HTTP-Dispatcher] INFO  c.r.muleguard.engine.ReportGenerator - Logo copied to muleapp1_muleguard
2026-01-13 21:03:14 [HTTP-Dispatcher] INFO  com.raks.muleguard.MuleGuardMain -    FAIL | Passed: 8 | Failed: 11 | Skipped: 0
2026-01-13 21:03:14 [HTTP-Dispatcher] INFO  com.raks.muleguard.MuleGuardMain - Validating Config: muleapp1_muleguard_config
2026-01-13 21:03:14 [HTTP-Dispatcher] INFO  c.r.muleguard.engine.ReportGenerator - Logo copied to muleapp1_muleguard_config
2026-01-13 21:03:14 [HTTP-Dispatcher] INFO  com.raks.muleguard.MuleGuardMain -    FAIL | Passed: 15 | Failed: 2 | Skipped: 0
2026-01-13 21:03:14 [HTTP-Dispatcher] INFO  c.r.muleguard.engine.ReportGenerator - Consolidated report generated: C:\raks\temp\muleguard-reports\CONSOLIDATED-REPORT.html
2026-01-13 21:03:14 [HTTP-Dispatcher] INFO  c.r.muleguard.engine.ReportGenerator - Help file copied
2026-01-13 21:03:14 [HTTP-Dispatcher] INFO  c.r.muleguard.engine.ReportGenerator - Logo copied
2026-01-13 21:03:14 [HTTP-Dispatcher] INFO  c.r.muleguard.engine.ReportGenerator - Consolidated Excel report generated
2026-01-13 21:03:14 [HTTP-Dispatcher] INFO  c.r.muleguard.engine.ReportGenerator - Checklist generated
2026-01-13 21:03:14 [HTTP-Dispatcher] INFO  c.r.muleguard.engine.ReportGenerator - Rule guide generated
2026-01-13 21:03:14 [HTTP-Dispatcher] INFO  com.raks.muleguard.MuleGuardMain - BATCH VALIDATION COMPLETE!
2026-01-13 21:03:14 [HTTP-Dispatcher] INFO  com.raks.muleguard.MuleGuardMain - Consolidated report: C:\raks\temp\muleguard-reports\CONSOLIDATED-REPORT.html
2026-01-13 21:03:14 [HTTP-Dispatcher] INFO  com.raks.muleguard.MuleGuardMain - Individual reports in: C:\raks\temp\muleguard-reports
2026-01-13 21:36:28 [Thread-1] INFO  c.raks.muleguard.util.SessionManager - Shutdown hook triggered - cleaning up all sessions
2026-01-13 21:44:47 [main] INFO  com.raks.muleguard.gui.MuleGuardGUI - MuleGuard GUI started at http://localhost:8080
2026-01-13 21:44:47 [main] INFO  com.raks.muleguard.gui.MuleGuardGUI - Press Ctrl+C to stop
2026-01-13 21:50:43 [HTTP-Dispatcher] INFO  com.raks.muleguard.gui.MuleGuardGUI - Running validation on: c:\raks\temp
2026-01-13 21:50:43 [HTTP-Dispatcher] INFO  com.raks.muleguard.MuleGuardMain - MuleGuard started for project: c:\raks\temp
2026-01-13 21:50:44 [HTTP-Dispatcher] INFO  c.r.muleguard.util.ProjectDiscovery - Found 6 Mule project(s)
2026-01-13 21:50:44 [HTTP-Dispatcher] INFO  com.raks.muleguard.MuleGuardMain - 
2026-01-13 21:50:44 [HTTP-Dispatcher] INFO  com.raks.muleguard.MuleGuardMain - Validating API: my-batch-api
2026-01-13 21:50:47 [HTTP-Dispatcher] INFO  c.r.muleguard.engine.ReportGenerator - Logo copied to my-batch-api
2026-01-13 21:50:47 [HTTP-Dispatcher] INFO  com.raks.muleguard.MuleGuardMain -    FAIL | Files Scanned: 19 | Passed: 14 | Failed: 5
2026-01-13 21:50:47 [HTTP-Dispatcher] INFO  com.raks.muleguard.MuleGuardMain - Validating API: my-regular-api
2026-01-13 21:50:48 [HTTP-Dispatcher] INFO  c.r.muleguard.engine.ReportGenerator - Logo copied to my-regular-api
2026-01-13 21:50:48 [HTTP-Dispatcher] INFO  com.raks.muleguard.MuleGuardMain -    FAIL | Files Scanned: 19 | Passed: 14 | Failed: 5
2026-01-13 21:50:48 [HTTP-Dispatcher] INFO  com.raks.muleguard.MuleGuardMain - Validating API: test-exp-api
2026-01-13 21:50:48 [HTTP-Dispatcher] INFO  c.r.muleguard.engine.ReportGenerator - Logo copied to test-exp-api
2026-01-13 21:50:48 [HTTP-Dispatcher] INFO  com.raks.muleguard.MuleGuardMain -    FAIL | Files Scanned: 19 | Passed: 7 | Failed: 12
2026-01-13 21:50:48 [HTTP-Dispatcher] INFO  com.raks.muleguard.MuleGuardMain - Validating API: muleapp1
2026-01-13 21:50:49 [HTTP-Dispatcher] INFO  c.r.muleguard.engine.ReportGenerator - Logo copied to muleapp1
2026-01-13 21:50:49 [HTTP-Dispatcher] INFO  com.raks.muleguard.MuleGuardMain -    FAIL | Files Scanned: 19 | Passed: 9 | Failed: 10
2026-01-13 21:50:49 [HTTP-Dispatcher] INFO  com.raks.muleguard.MuleGuardMain - Validating API: muleapp1_muleguard
2026-01-13 21:50:50 [HTTP-Dispatcher] INFO  c.r.muleguard.engine.ReportGenerator - Logo copied to muleapp1_muleguard
2026-01-13 21:50:50 [HTTP-Dispatcher] INFO  com.raks.muleguard.MuleGuardMain -    FAIL | Files Scanned: 19 | Passed: 8 | Failed: 11
2026-01-13 21:50:50 [HTTP-Dispatcher] INFO  com.raks.muleguard.MuleGuardMain - Validating Config: muleapp1_muleguard_config
2026-01-13 21:50:50 [HTTP-Dispatcher] INFO  c.r.muleguard.engine.ReportGenerator - Logo copied to muleapp1_muleguard_config
2026-01-13 21:50:50 [HTTP-Dispatcher] INFO  com.raks.muleguard.MuleGuardMain -    FAIL | Files Scanned: 17 | Passed: 15 | Failed: 2
2026-01-13 21:50:51 [HTTP-Dispatcher] INFO  com.raks.muleguard.MuleGuardMain - MuleGuard Validation Complete | Total APIs: 6 | Passed: 67 | Failed: 45
2026-01-13 21:50:51 [HTTP-Dispatcher] INFO  com.raks.muleguard.MuleGuardMain - Consolidated report: c:\raks\temp\muleguard-reports\CONSOLIDATED-REPORT.html
2026-01-13 21:58:08 [Thread-1] INFO  c.raks.muleguard.util.SessionManager - Shutdown hook triggered - cleaning up all sessions
2026-01-13 22:07:45 [main] INFO  com.raks.muleguard.gui.MuleGuardGUI - MuleGuard GUI started at http://localhost:8080
2026-01-13 22:07:45 [main] INFO  com.raks.muleguard.gui.MuleGuardGUI - Press Ctrl+C to stop
2026-01-13 22:07:59 [HTTP-Dispatcher] INFO  com.raks.muleguard.gui.MuleGuardGUI - Running validation on: c:\raks\temp
2026-01-13 22:07:59 [HTTP-Dispatcher] INFO  com.raks.muleguard.MuleGuardMain - MuleGuard started for project: c:\raks\temp
2026-01-13 22:07:59 [HTTP-Dispatcher] INFO  c.r.muleguard.util.ProjectDiscovery - Found 6 Mule project(s)
2026-01-13 22:07:59 [HTTP-Dispatcher] INFO  com.raks.muleguard.MuleGuardMain - 
2026-01-13 22:07:59 [HTTP-Dispatcher] INFO  com.raks.muleguard.MuleGuardMain - Validating API: my-batch-api
2026-01-13 22:08:03 [HTTP-Dispatcher] INFO  c.r.muleguard.engine.ReportGenerator - Logo copied to my-batch-api
2026-01-13 22:08:03 [HTTP-Dispatcher] INFO  com.raks.muleguard.MuleGuardMain -    FAIL | Files Scanned: 19 | Passed: 15 | Failed: 4
2026-01-13 22:08:03 [HTTP-Dispatcher] INFO  com.raks.muleguard.MuleGuardMain - Validating API: my-regular-api
2026-01-13 22:08:04 [HTTP-Dispatcher] INFO  c.r.muleguard.engine.ReportGenerator - Logo copied to my-regular-api
2026-01-13 22:08:04 [HTTP-Dispatcher] INFO  com.raks.muleguard.MuleGuardMain -    FAIL | Files Scanned: 19 | Passed: 15 | Failed: 4
2026-01-13 22:08:04 [HTTP-Dispatcher] INFO  com.raks.muleguard.MuleGuardMain - Validating API: test-exp-api
2026-01-13 22:08:04 [HTTP-Dispatcher] INFO  c.r.muleguard.engine.ReportGenerator - Logo copied to test-exp-api
2026-01-13 22:08:04 [HTTP-Dispatcher] INFO  com.raks.muleguard.MuleGuardMain -    FAIL | Files Scanned: 19 | Passed: 8 | Failed: 11
2026-01-13 22:08:04 [HTTP-Dispatcher] INFO  com.raks.muleguard.MuleGuardMain - Validating API: muleapp1
2026-01-13 22:08:05 [HTTP-Dispatcher] INFO  c.r.muleguard.engine.ReportGenerator - Logo copied to muleapp1
2026-01-13 22:08:05 [HTTP-Dispatcher] INFO  com.raks.muleguard.MuleGuardMain -    FAIL | Files Scanned: 19 | Passed: 10 | Failed: 9
2026-01-13 22:08:05 [HTTP-Dispatcher] INFO  com.raks.muleguard.MuleGuardMain - Validating API: muleapp1_muleguard
2026-01-13 22:08:06 [HTTP-Dispatcher] INFO  c.r.muleguard.engine.ReportGenerator - Logo copied to muleapp1_muleguard
2026-01-13 22:08:06 [HTTP-Dispatcher] INFO  com.raks.muleguard.MuleGuardMain -    FAIL | Files Scanned: 19 | Passed: 9 | Failed: 10
2026-01-13 22:08:06 [HTTP-Dispatcher] INFO  com.raks.muleguard.MuleGuardMain - Validating Config: muleapp1_muleguard_config
2026-01-13 22:08:06 [HTTP-Dispatcher] INFO  c.r.muleguard.engine.ReportGenerator - Logo copied to muleapp1_muleguard_config
2026-01-13 22:08:06 [HTTP-Dispatcher] INFO  com.raks.muleguard.MuleGuardMain -    FAIL | Files Scanned: 17 | Passed: 15 | Failed: 2
2026-01-13 22:08:07 [HTTP-Dispatcher] ERROR c.r.muleguard.engine.ReportGenerator - Failed to generate rule guide: Conversion = ';'
java.util.UnknownFormatConversionException: Conversion = ';'
	at java.base/java.util.Formatter.parse(Formatter.java:2750)
	at java.base/java.util.Formatter.format(Formatter.java:2671)
	at java.base/java.util.Formatter.format(Formatter.java:2625)
	at java.base/java.lang.String.format(String.java:4147)
	at com.raks.muleguard.engine.ReportGenerator.generateRuleGuide(ReportGenerator.java:952)
	at com.raks.muleguard.engine.ReportGenerator.generateConsolidatedReport(ReportGenerator.java:545)
	at com.raks.muleguard.MuleGuardMain.main(MuleGuardMain.java:143)
	at com.raks.muleguard.gui.MuleGuardGUI$ValidationHandler.handle(MuleGuardGUI.java:186)
	at jdk.httpserver/com.sun.net.httpserver.Filter$Chain.doFilter(Filter.java:95)
	at jdk.httpserver/sun.net.httpserver.AuthFilter.doFilter(AuthFilter.java:82)
	at jdk.httpserver/com.sun.net.httpserver.Filter$Chain.doFilter(Filter.java:98)
	at jdk.httpserver/sun.net.httpserver.ServerImpl$Exchange$LinkHandler.handle(ServerImpl.java:853)
	at jdk.httpserver/com.sun.net.httpserver.Filter$Chain.doFilter(Filter.java:95)
	at jdk.httpserver/sun.net.httpserver.ServerImpl$Exchange.run(ServerImpl.java:820)
	at jdk.httpserver/sun.net.httpserver.ServerImpl$DefaultExecutor.execute(ServerImpl.java:201)
	at jdk.httpserver/sun.net.httpserver.ServerImpl$Dispatcher.handle(ServerImpl.java:562)
	at jdk.httpserver/sun.net.httpserver.ServerImpl$Dispatcher.run(ServerImpl.java:527)
	at java.base/java.lang.Thread.run(Thread.java:842)
2026-01-13 22:08:07 [HTTP-Dispatcher] INFO  com.raks.muleguard.MuleGuardMain - MuleGuard Validation Complete | Total APIs: 6 | Passed: 72 | Failed: 40
2026-01-13 22:08:07 [HTTP-Dispatcher] INFO  com.raks.muleguard.MuleGuardMain - Consolidated report: c:\raks\temp\muleguard-reports\CONSOLIDATED-REPORT.html
2026-01-13 22:13:13 [Thread-1] INFO  c.raks.muleguard.util.SessionManager - Shutdown hook triggered - cleaning up all sessions
2026-01-13 22:16:43 [main] INFO  com.raks.muleguard.gui.MuleGuardGUI - MuleGuard GUI started at http://localhost:8080
2026-01-13 22:16:43 [main] INFO  com.raks.muleguard.gui.MuleGuardGUI - Press Ctrl+C to stop
2026-01-13 22:17:06 [HTTP-Dispatcher] INFO  com.raks.muleguard.gui.MuleGuardGUI - Running validation on: c:\raks\temp
2026-01-13 22:17:06 [HTTP-Dispatcher] INFO  com.raks.muleguard.MuleGuardMain - MuleGuard started for project: c:\raks\temp
2026-01-13 22:17:07 [HTTP-Dispatcher] INFO  c.r.muleguard.util.ProjectDiscovery - Found 6 Mule project(s)
2026-01-13 22:17:07 [HTTP-Dispatcher] INFO  com.raks.muleguard.MuleGuardMain - 
2026-01-13 22:17:07 [HTTP-Dispatcher] INFO  com.raks.muleguard.MuleGuardMain - Validating API: my-batch-api
2026-01-13 22:17:10 [HTTP-Dispatcher] INFO  c.r.muleguard.engine.ReportGenerator - Logo copied to my-batch-api
2026-01-13 22:17:10 [HTTP-Dispatcher] INFO  com.raks.muleguard.MuleGuardMain -    FAIL | Files Scanned: 19 | Passed: 15 | Failed: 4
2026-01-13 22:17:10 [HTTP-Dispatcher] INFO  com.raks.muleguard.MuleGuardMain - Validating API: my-regular-api
2026-01-13 22:17:10 [HTTP-Dispatcher] INFO  c.r.muleguard.engine.ReportGenerator - Logo copied to my-regular-api
2026-01-13 22:17:10 [HTTP-Dispatcher] INFO  com.raks.muleguard.MuleGuardMain -    FAIL | Files Scanned: 19 | Passed: 15 | Failed: 4
2026-01-13 22:17:10 [HTTP-Dispatcher] INFO  com.raks.muleguard.MuleGuardMain - Validating API: test-exp-api
2026-01-13 22:17:11 [HTTP-Dispatcher] INFO  c.r.muleguard.engine.ReportGenerator - Logo copied to test-exp-api
2026-01-13 22:17:11 [HTTP-Dispatcher] INFO  com.raks.muleguard.MuleGuardMain -    FAIL | Files Scanned: 19 | Passed: 8 | Failed: 11
2026-01-13 22:17:11 [HTTP-Dispatcher] INFO  com.raks.muleguard.MuleGuardMain - Validating API: muleapp1
2026-01-13 22:17:11 [HTTP-Dispatcher] INFO  c.r.muleguard.engine.ReportGenerator - Logo copied to muleapp1
2026-01-13 22:17:11 [HTTP-Dispatcher] INFO  com.raks.muleguard.MuleGuardMain -    FAIL | Files Scanned: 19 | Passed: 10 | Failed: 9
2026-01-13 22:17:11 [HTTP-Dispatcher] INFO  com.raks.muleguard.MuleGuardMain - Validating API: muleapp1_muleguard
2026-01-13 22:17:12 [HTTP-Dispatcher] INFO  c.r.muleguard.engine.ReportGenerator - Logo copied to muleapp1_muleguard
2026-01-13 22:17:12 [HTTP-Dispatcher] INFO  com.raks.muleguard.MuleGuardMain -    FAIL | Files Scanned: 19 | Passed: 9 | Failed: 10
2026-01-13 22:17:12 [HTTP-Dispatcher] INFO  com.raks.muleguard.MuleGuardMain - Validating Config: muleapp1_muleguard_config
2026-01-13 22:17:12 [HTTP-Dispatcher] INFO  c.r.muleguard.engine.ReportGenerator - Logo copied to muleapp1_muleguard_config
2026-01-13 22:17:12 [HTTP-Dispatcher] INFO  com.raks.muleguard.MuleGuardMain -    FAIL | Files Scanned: 17 | Passed: 15 | Failed: 2
2026-01-13 22:17:12 [HTTP-Dispatcher] INFO  com.raks.muleguard.MuleGuardMain - MuleGuard Validation Complete | Total APIs: 6 | Passed: 72 | Failed: 40
2026-01-13 22:17:12 [HTTP-Dispatcher] INFO  com.raks.muleguard.MuleGuardMain - Consolidated report: c:\raks\temp\muleguard-reports\CONSOLIDATED-REPORT.html
2026-01-13 22:21:46 [main] INFO  com.raks.muleguard.gui.MuleGuardGUI - MuleGuard GUI started at http://localhost:8080
2026-01-13 22:21:46 [main] INFO  com.raks.muleguard.gui.MuleGuardGUI - Press Ctrl+C to stop
2026-01-13 22:21:56 [HTTP-Dispatcher] INFO  com.raks.muleguard.gui.MuleGuardGUI - Running validation on: c:\raks\temp
2026-01-13 22:21:56 [HTTP-Dispatcher] INFO  com.raks.muleguard.MuleGuardMain - MuleGuard started for project: c:\raks\temp
2026-01-13 22:21:58 [HTTP-Dispatcher] INFO  c.r.muleguard.util.ProjectDiscovery - Found 6 Mule project(s)
2026-01-13 22:21:58 [HTTP-Dispatcher] INFO  com.raks.muleguard.MuleGuardMain - 
2026-01-13 22:21:58 [HTTP-Dispatcher] INFO  com.raks.muleguard.MuleGuardMain - Validating API: my-batch-api
2026-01-13 22:22:06 [HTTP-Dispatcher] INFO  c.r.muleguard.engine.ReportGenerator - Logo copied to my-batch-api
2026-01-13 22:22:06 [HTTP-Dispatcher] INFO  com.raks.muleguard.MuleGuardMain -    FAIL | Files Scanned: 19 | Passed: 15 | Failed: 4
2026-01-13 22:22:06 [HTTP-Dispatcher] INFO  com.raks.muleguard.MuleGuardMain - Validating API: my-regular-api
2026-01-13 22:22:07 [HTTP-Dispatcher] INFO  c.r.muleguard.engine.ReportGenerator - Logo copied to my-regular-api
2026-01-13 22:22:07 [HTTP-Dispatcher] INFO  com.raks.muleguard.MuleGuardMain -    FAIL | Files Scanned: 19 | Passed: 15 | Failed: 4
2026-01-13 22:22:07 [HTTP-Dispatcher] INFO  com.raks.muleguard.MuleGuardMain - Validating API: test-exp-api
2026-01-13 22:22:08 [HTTP-Dispatcher] INFO  c.r.muleguard.engine.ReportGenerator - Logo copied to test-exp-api
2026-01-13 22:22:08 [HTTP-Dispatcher] INFO  com.raks.muleguard.MuleGuardMain -    FAIL | Files Scanned: 19 | Passed: 8 | Failed: 11
2026-01-13 22:22:08 [HTTP-Dispatcher] INFO  com.raks.muleguard.MuleGuardMain - Validating API: muleapp1
2026-01-13 22:22:10 [HTTP-Dispatcher] INFO  c.r.muleguard.engine.ReportGenerator - Logo copied to muleapp1
2026-01-13 22:22:10 [HTTP-Dispatcher] INFO  com.raks.muleguard.MuleGuardMain -    FAIL | Files Scanned: 19 | Passed: 10 | Failed: 9
2026-01-13 22:22:10 [HTTP-Dispatcher] INFO  com.raks.muleguard.MuleGuardMain - Validating API: muleapp1_muleguard
2026-01-13 22:22:11 [HTTP-Dispatcher] INFO  c.r.muleguard.engine.ReportGenerator - Logo copied to muleapp1_muleguard
2026-01-13 22:22:11 [HTTP-Dispatcher] INFO  com.raks.muleguard.MuleGuardMain -    FAIL | Files Scanned: 19 | Passed: 9 | Failed: 10
2026-01-13 22:22:11 [HTTP-Dispatcher] INFO  com.raks.muleguard.MuleGuardMain - Validating Config: muleapp1_muleguard_config
2026-01-13 22:22:11 [HTTP-Dispatcher] INFO  c.r.muleguard.engine.ReportGenerator - Logo copied to muleapp1_muleguard_config
2026-01-13 22:22:11 [HTTP-Dispatcher] INFO  com.raks.muleguard.MuleGuardMain -    FAIL | Files Scanned: 17 | Passed: 15 | Failed: 2
2026-01-13 22:22:12 [HTTP-Dispatcher] INFO  com.raks.muleguard.MuleGuardMain - MuleGuard Validation Complete | Total APIs: 6 | Passed: 72 | Failed: 40
2026-01-13 22:22:12 [HTTP-Dispatcher] INFO  com.raks.muleguard.MuleGuardMain - Consolidated report: c:\raks\temp\muleguard-reports\CONSOLIDATED-REPORT.html
2026-01-13 22:31:06 [main] INFO  com.raks.muleguard.gui.MuleGuardGUI - MuleGuard GUI started at http://localhost:8080
2026-01-13 22:31:06 [main] INFO  com.raks.muleguard.gui.MuleGuardGUI - Press Ctrl+C to stop
2026-01-13 22:31:21 [HTTP-Dispatcher] INFO  com.raks.muleguard.gui.MuleGuardGUI - Running validation on: c:\raks\temp
2026-01-13 22:31:21 [HTTP-Dispatcher] INFO  com.raks.muleguard.MuleGuardMain - MuleGuard started for project: c:\raks\temp
2026-01-13 22:31:22 [HTTP-Dispatcher] INFO  c.r.muleguard.util.ProjectDiscovery - Found 6 Mule project(s)
2026-01-13 22:31:22 [HTTP-Dispatcher] INFO  com.raks.muleguard.MuleGuardMain - 
2026-01-13 22:31:22 [HTTP-Dispatcher] INFO  com.raks.muleguard.MuleGuardMain - Validating API: my-batch-api
2026-01-13 22:31:27 [HTTP-Dispatcher] INFO  c.r.muleguard.engine.ReportGenerator - Logo copied to my-batch-api
2026-01-13 22:31:27 [HTTP-Dispatcher] INFO  com.raks.muleguard.MuleGuardMain -    FAIL | Files Scanned: 19 | Passed: 15 | Failed: 4
2026-01-13 22:31:27 [HTTP-Dispatcher] INFO  com.raks.muleguard.MuleGuardMain - Validating API: my-regular-api
2026-01-13 22:31:27 [HTTP-Dispatcher] INFO  c.r.muleguard.engine.ReportGenerator - Logo copied to my-regular-api
2026-01-13 22:31:27 [HTTP-Dispatcher] INFO  com.raks.muleguard.MuleGuardMain -    FAIL | Files Scanned: 19 | Passed: 15 | Failed: 4
2026-01-13 22:31:27 [HTTP-Dispatcher] INFO  com.raks.muleguard.MuleGuardMain - Validating API: test-exp-api
2026-01-13 22:31:28 [HTTP-Dispatcher] INFO  c.r.muleguard.engine.ReportGenerator - Logo copied to test-exp-api
2026-01-13 22:31:28 [HTTP-Dispatcher] INFO  com.raks.muleguard.MuleGuardMain -    FAIL | Files Scanned: 19 | Passed: 8 | Failed: 11
2026-01-13 22:31:28 [HTTP-Dispatcher] INFO  com.raks.muleguard.MuleGuardMain - Validating API: muleapp1
2026-01-13 22:31:29 [HTTP-Dispatcher] INFO  c.r.muleguard.engine.ReportGenerator - Logo copied to muleapp1
2026-01-13 22:31:29 [HTTP-Dispatcher] INFO  com.raks.muleguard.MuleGuardMain -    FAIL | Files Scanned: 19 | Passed: 10 | Failed: 9
2026-01-13 22:31:29 [HTTP-Dispatcher] INFO  com.raks.muleguard.MuleGuardMain - Validating API: muleapp1_muleguard
2026-01-13 22:31:30 [HTTP-Dispatcher] INFO  c.r.muleguard.engine.ReportGenerator - Logo copied to muleapp1_muleguard
2026-01-13 22:31:30 [HTTP-Dispatcher] INFO  com.raks.muleguard.MuleGuardMain -    FAIL | Files Scanned: 19 | Passed: 9 | Failed: 10
2026-01-13 22:31:30 [HTTP-Dispatcher] INFO  com.raks.muleguard.MuleGuardMain - Validating Config: muleapp1_muleguard_config
2026-01-13 22:31:30 [HTTP-Dispatcher] INFO  c.r.muleguard.engine.ReportGenerator - Logo copied to muleapp1_muleguard_config
2026-01-13 22:31:30 [HTTP-Dispatcher] INFO  com.raks.muleguard.MuleGuardMain -    FAIL | Files Scanned: 17 | Passed: 15 | Failed: 2
2026-01-13 22:31:31 [HTTP-Dispatcher] INFO  com.raks.muleguard.MuleGuardMain - MuleGuard Validation Complete | Total APIs: 6 | Passed: 72 | Failed: 40
2026-01-13 22:31:31 [HTTP-Dispatcher] INFO  com.raks.muleguard.MuleGuardMain - Consolidated report: c:\raks\temp\muleguard-reports\CONSOLIDATED-REPORT.html
2026-01-13 22:37:02 [main] INFO  com.raks.muleguard.gui.MuleGuardGUI - MuleGuard GUI started at http://localhost:8080
2026-01-13 22:37:02 [main] INFO  com.raks.muleguard.gui.MuleGuardGUI - Press Ctrl+C to stop
2026-01-13 22:37:14 [HTTP-Dispatcher] INFO  com.raks.muleguard.gui.MuleGuardGUI - Running validation on: C:\raks\temp
2026-01-13 22:37:14 [HTTP-Dispatcher] INFO  com.raks.muleguard.MuleGuardMain - MuleGuard started for project: C:\raks\temp
2026-01-13 22:37:15 [HTTP-Dispatcher] INFO  c.r.muleguard.util.ProjectDiscovery - Found 6 Mule project(s)
2026-01-13 22:37:15 [HTTP-Dispatcher] INFO  com.raks.muleguard.MuleGuardMain - 
2026-01-13 22:37:15 [HTTP-Dispatcher] INFO  com.raks.muleguard.MuleGuardMain - Validating API: my-batch-api
2026-01-13 22:37:19 [HTTP-Dispatcher] INFO  c.r.muleguard.engine.ReportGenerator - Logo copied to my-batch-api
2026-01-13 22:37:19 [HTTP-Dispatcher] INFO  com.raks.muleguard.MuleGuardMain -    FAIL | Files Scanned: 19 | Passed: 15 | Failed: 4
2026-01-13 22:37:19 [HTTP-Dispatcher] INFO  com.raks.muleguard.MuleGuardMain - Validating API: my-regular-api
2026-01-13 22:37:19 [HTTP-Dispatcher] INFO  c.r.muleguard.engine.ReportGenerator - Logo copied to my-regular-api
2026-01-13 22:37:19 [HTTP-Dispatcher] INFO  com.raks.muleguard.MuleGuardMain -    FAIL | Files Scanned: 19 | Passed: 15 | Failed: 4
2026-01-13 22:37:19 [HTTP-Dispatcher] INFO  com.raks.muleguard.MuleGuardMain - Validating API: test-exp-api
2026-01-13 22:37:19 [HTTP-Dispatcher] INFO  c.r.muleguard.engine.ReportGenerator - Logo copied to test-exp-api
2026-01-13 22:37:19 [HTTP-Dispatcher] INFO  com.raks.muleguard.MuleGuardMain -    FAIL | Files Scanned: 19 | Passed: 8 | Failed: 11
2026-01-13 22:37:19 [HTTP-Dispatcher] INFO  com.raks.muleguard.MuleGuardMain - Validating API: muleapp1
2026-01-13 22:37:20 [HTTP-Dispatcher] INFO  c.r.muleguard.engine.ReportGenerator - Logo copied to muleapp1
2026-01-13 22:37:20 [HTTP-Dispatcher] INFO  com.raks.muleguard.MuleGuardMain -    FAIL | Files Scanned: 19 | Passed: 10 | Failed: 9
2026-01-13 22:37:20 [HTTP-Dispatcher] INFO  com.raks.muleguard.MuleGuardMain - Validating API: muleapp1_muleguard
2026-01-13 22:37:21 [HTTP-Dispatcher] INFO  c.r.muleguard.engine.ReportGenerator - Logo copied to muleapp1_muleguard
2026-01-13 22:37:21 [HTTP-Dispatcher] INFO  com.raks.muleguard.MuleGuardMain -    FAIL | Files Scanned: 19 | Passed: 9 | Failed: 10
2026-01-13 22:37:21 [HTTP-Dispatcher] INFO  com.raks.muleguard.MuleGuardMain - Validating Config: muleapp1_muleguard_config
2026-01-13 22:37:21 [HTTP-Dispatcher] INFO  c.r.muleguard.engine.ReportGenerator - Logo copied to muleapp1_muleguard_config
2026-01-13 22:37:21 [HTTP-Dispatcher] INFO  com.raks.muleguard.MuleGuardMain -    FAIL | Files Scanned: 17 | Passed: 15 | Failed: 2
2026-01-13 22:37:21 [HTTP-Dispatcher] INFO  com.raks.muleguard.MuleGuardMain - MuleGuard Validation Complete | Total APIs: 6 | Passed: 72 | Failed: 40
2026-01-13 22:37:21 [HTTP-Dispatcher] INFO  com.raks.muleguard.MuleGuardMain - Consolidated report: C:\raks\temp\muleguard-reports\CONSOLIDATED-REPORT.html
2026-01-13 22:38:23 [Thread-1] INFO  c.raks.muleguard.util.SessionManager - Shutdown hook triggered - cleaning up all sessions
2026-01-13 22:41:53 [main] INFO  com.raks.muleguard.gui.MuleGuardGUI - MuleGuard GUI started at http://localhost:8080
2026-01-13 22:41:53 [main] INFO  com.raks.muleguard.gui.MuleGuardGUI - Press Ctrl+C to stop
2026-01-13 22:42:01 [HTTP-Dispatcher] INFO  com.raks.muleguard.gui.MuleGuardGUI - Running validation on: C:\raks\temp
2026-01-13 22:42:01 [HTTP-Dispatcher] INFO  com.raks.muleguard.MuleGuardMain - MuleGuard started for project: C:\raks\temp
2026-01-13 22:42:01 [HTTP-Dispatcher] INFO  c.r.muleguard.util.ProjectDiscovery - Found 6 Mule project(s)
2026-01-13 22:42:01 [HTTP-Dispatcher] INFO  com.raks.muleguard.MuleGuardMain - 
2026-01-13 22:42:01 [HTTP-Dispatcher] INFO  com.raks.muleguard.MuleGuardMain - Validating API: my-batch-api
2026-01-13 22:42:06 [HTTP-Dispatcher] INFO  c.r.muleguard.engine.ReportGenerator - Logo copied to my-batch-api
2026-01-13 22:42:06 [HTTP-Dispatcher] INFO  com.raks.muleguard.MuleGuardMain -    FAIL | Files Scanned: 19 | Passed: 15 | Failed: 4
2026-01-13 22:42:06 [HTTP-Dispatcher] INFO  com.raks.muleguard.MuleGuardMain - Validating API: my-regular-api
2026-01-13 22:42:07 [HTTP-Dispatcher] INFO  c.r.muleguard.engine.ReportGenerator - Logo copied to my-regular-api
2026-01-13 22:42:07 [HTTP-Dispatcher] INFO  com.raks.muleguard.MuleGuardMain -    FAIL | Files Scanned: 19 | Passed: 15 | Failed: 4
2026-01-13 22:42:07 [HTTP-Dispatcher] INFO  com.raks.muleguard.MuleGuardMain - Validating API: test-exp-api
2026-01-13 22:42:07 [HTTP-Dispatcher] INFO  c.r.muleguard.engine.ReportGenerator - Logo copied to test-exp-api
2026-01-13 22:42:07 [HTTP-Dispatcher] INFO  com.raks.muleguard.MuleGuardMain -    FAIL | Files Scanned: 19 | Passed: 8 | Failed: 11
2026-01-13 22:42:07 [HTTP-Dispatcher] INFO  com.raks.muleguard.MuleGuardMain - Validating API: muleapp1
2026-01-13 22:42:08 [HTTP-Dispatcher] INFO  c.r.muleguard.engine.ReportGenerator - Logo copied to muleapp1
2026-01-13 22:42:08 [HTTP-Dispatcher] INFO  com.raks.muleguard.MuleGuardMain -    FAIL | Files Scanned: 19 | Passed: 10 | Failed: 9
2026-01-13 22:42:08 [HTTP-Dispatcher] INFO  com.raks.muleguard.MuleGuardMain - Validating API: muleapp1_muleguard
2026-01-13 22:42:09 [HTTP-Dispatcher] INFO  c.r.muleguard.engine.ReportGenerator - Logo copied to muleapp1_muleguard
2026-01-13 22:42:09 [HTTP-Dispatcher] INFO  com.raks.muleguard.MuleGuardMain -    FAIL | Files Scanned: 19 | Passed: 9 | Failed: 10
2026-01-13 22:42:09 [HTTP-Dispatcher] INFO  com.raks.muleguard.MuleGuardMain - Validating Config: muleapp1_muleguard_config
2026-01-13 22:42:10 [HTTP-Dispatcher] INFO  c.r.muleguard.engine.ReportGenerator - Logo copied to muleapp1_muleguard_config
2026-01-13 22:42:10 [HTTP-Dispatcher] INFO  com.raks.muleguard.MuleGuardMain -    FAIL | Files Scanned: 17 | Passed: 15 | Failed: 2
2026-01-13 22:42:10 [HTTP-Dispatcher] INFO  com.raks.muleguard.MuleGuardMain - MuleGuard Validation Complete | Total APIs: 6 | Passed: 72 | Failed: 40
2026-01-13 22:42:10 [HTTP-Dispatcher] INFO  com.raks.muleguard.MuleGuardMain - Consolidated report: C:\raks\temp\muleguard-reports\CONSOLIDATED-REPORT.html
2026-01-13 22:43:20 [Thread-1] INFO  c.raks.muleguard.util.SessionManager - Shutdown hook triggered - cleaning up all sessions
2026-01-13 22:45:35 [main] INFO  com.raks.muleguard.gui.MuleGuardGUI - MuleGuard GUI started at http://localhost:8080
2026-01-13 22:45:35 [main] INFO  com.raks.muleguard.gui.MuleGuardGUI - Press Ctrl+C to stop
2026-01-13 22:45:43 [HTTP-Dispatcher] INFO  com.raks.muleguard.gui.MuleGuardGUI - Running validation on: c:\raks\temp
2026-01-13 22:45:43 [HTTP-Dispatcher] INFO  com.raks.muleguard.MuleGuardMain - MuleGuard started for project: c:\raks\temp
2026-01-13 22:45:45 [HTTP-Dispatcher] INFO  c.r.muleguard.util.ProjectDiscovery - Found 6 Mule project(s)
2026-01-13 22:45:45 [HTTP-Dispatcher] INFO  com.raks.muleguard.MuleGuardMain - 
2026-01-13 22:45:45 [HTTP-Dispatcher] INFO  com.raks.muleguard.MuleGuardMain - Validating API: my-batch-api
2026-01-13 22:45:49 [HTTP-Dispatcher] INFO  c.r.muleguard.engine.ReportGenerator - Logo copied to my-batch-api
2026-01-13 22:45:49 [HTTP-Dispatcher] INFO  com.raks.muleguard.MuleGuardMain -    FAIL | Files Scanned: 19 | Passed: 15 | Failed: 4
2026-01-13 22:45:49 [HTTP-Dispatcher] INFO  com.raks.muleguard.MuleGuardMain - Validating API: my-regular-api
2026-01-13 22:45:50 [HTTP-Dispatcher] INFO  c.r.muleguard.engine.ReportGenerator - Logo copied to my-regular-api
2026-01-13 22:45:50 [HTTP-Dispatcher] INFO  com.raks.muleguard.MuleGuardMain -    FAIL | Files Scanned: 19 | Passed: 15 | Failed: 4
2026-01-13 22:45:50 [HTTP-Dispatcher] INFO  com.raks.muleguard.MuleGuardMain - Validating API: test-exp-api
2026-01-13 22:45:50 [HTTP-Dispatcher] INFO  c.r.muleguard.engine.ReportGenerator - Logo copied to test-exp-api
2026-01-13 22:45:50 [HTTP-Dispatcher] INFO  com.raks.muleguard.MuleGuardMain -    FAIL | Files Scanned: 19 | Passed: 8 | Failed: 11
2026-01-13 22:45:50 [HTTP-Dispatcher] INFO  com.raks.muleguard.MuleGuardMain - Validating API: muleapp1
2026-01-13 22:45:51 [HTTP-Dispatcher] INFO  c.r.muleguard.engine.ReportGenerator - Logo copied to muleapp1
2026-01-13 22:45:51 [HTTP-Dispatcher] INFO  com.raks.muleguard.MuleGuardMain -    FAIL | Files Scanned: 19 | Passed: 10 | Failed: 9
2026-01-13 22:45:51 [HTTP-Dispatcher] INFO  com.raks.muleguard.MuleGuardMain - Validating API: muleapp1_muleguard
2026-01-13 22:45:52 [HTTP-Dispatcher] INFO  c.r.muleguard.engine.ReportGenerator - Logo copied to muleapp1_muleguard
2026-01-13 22:45:52 [HTTP-Dispatcher] INFO  com.raks.muleguard.MuleGuardMain -    FAIL | Files Scanned: 19 | Passed: 9 | Failed: 10
2026-01-13 22:45:52 [HTTP-Dispatcher] INFO  com.raks.muleguard.MuleGuardMain - Validating Config: muleapp1_muleguard_config
2026-01-13 22:45:52 [HTTP-Dispatcher] INFO  c.r.muleguard.engine.ReportGenerator - Logo copied to muleapp1_muleguard_config
2026-01-13 22:45:52 [HTTP-Dispatcher] INFO  com.raks.muleguard.MuleGuardMain -    FAIL | Files Scanned: 17 | Passed: 15 | Failed: 2
2026-01-13 22:45:53 [HTTP-Dispatcher] INFO  com.raks.muleguard.MuleGuardMain - MuleGuard Validation Complete | Total APIs: 6 | Passed: 72 | Failed: 40
2026-01-13 22:45:53 [HTTP-Dispatcher] INFO  com.raks.muleguard.MuleGuardMain - Consolidated report: c:\raks\temp\muleguard-reports\CONSOLIDATED-REPORT.html
2026-01-13 22:47:32 [Thread-1] INFO  c.raks.muleguard.util.SessionManager - Shutdown hook triggered - cleaning up all sessions
2026-01-13 22:49:23 [main] INFO  com.raks.muleguard.gui.MuleGuardGUI - MuleGuard GUI started at http://localhost:8080
2026-01-13 22:49:23 [main] INFO  com.raks.muleguard.gui.MuleGuardGUI - Press Ctrl+C to stop
2026-01-13 22:49:34 [HTTP-Dispatcher] INFO  com.raks.muleguard.gui.MuleGuardGUI - Running validation on: c:\raks\temp
2026-01-13 22:49:34 [HTTP-Dispatcher] INFO  com.raks.muleguard.MuleGuardMain - MuleGuard started for project: c:\raks\temp
2026-01-13 22:49:35 [HTTP-Dispatcher] INFO  c.r.muleguard.util.ProjectDiscovery - Found 6 Mule project(s)
2026-01-13 22:49:35 [HTTP-Dispatcher] INFO  com.raks.muleguard.MuleGuardMain - 
2026-01-13 22:49:35 [HTTP-Dispatcher] INFO  com.raks.muleguard.MuleGuardMain - Validating API: my-batch-api
2026-01-13 22:49:41 [HTTP-Dispatcher] INFO  c.r.muleguard.engine.ReportGenerator - Logo copied to my-batch-api
2026-01-13 22:49:41 [HTTP-Dispatcher] INFO  com.raks.muleguard.MuleGuardMain -    FAIL | Files Scanned: 19 | Passed: 15 | Failed: 4
2026-01-13 22:49:41 [HTTP-Dispatcher] INFO  com.raks.muleguard.MuleGuardMain - Validating API: my-regular-api
2026-01-13 22:49:42 [HTTP-Dispatcher] INFO  c.r.muleguard.engine.ReportGenerator - Logo copied to my-regular-api
2026-01-13 22:49:42 [HTTP-Dispatcher] INFO  com.raks.muleguard.MuleGuardMain -    FAIL | Files Scanned: 19 | Passed: 15 | Failed: 4
2026-01-13 22:49:42 [HTTP-Dispatcher] INFO  com.raks.muleguard.MuleGuardMain - Validating API: test-exp-api
2026-01-13 22:49:43 [HTTP-Dispatcher] INFO  c.r.muleguard.engine.ReportGenerator - Logo copied to test-exp-api
2026-01-13 22:49:43 [HTTP-Dispatcher] INFO  com.raks.muleguard.MuleGuardMain -    FAIL | Files Scanned: 19 | Passed: 8 | Failed: 11
2026-01-13 22:49:43 [HTTP-Dispatcher] INFO  com.raks.muleguard.MuleGuardMain - Validating API: muleapp1
2026-01-13 22:49:44 [HTTP-Dispatcher] INFO  c.r.muleguard.engine.ReportGenerator - Logo copied to muleapp1
2026-01-13 22:49:44 [HTTP-Dispatcher] INFO  com.raks.muleguard.MuleGuardMain -    FAIL | Files Scanned: 19 | Passed: 10 | Failed: 9
2026-01-13 22:49:44 [HTTP-Dispatcher] INFO  com.raks.muleguard.MuleGuardMain - Validating API: muleapp1_muleguard
2026-01-13 22:49:45 [HTTP-Dispatcher] INFO  c.r.muleguard.engine.ReportGenerator - Logo copied to muleapp1_muleguard
2026-01-13 22:49:45 [HTTP-Dispatcher] INFO  com.raks.muleguard.MuleGuardMain -    FAIL | Files Scanned: 19 | Passed: 9 | Failed: 10
2026-01-13 22:49:45 [HTTP-Dispatcher] INFO  com.raks.muleguard.MuleGuardMain - Validating Config: muleapp1_muleguard_config
2026-01-13 22:49:46 [HTTP-Dispatcher] INFO  c.r.muleguard.engine.ReportGenerator - Logo copied to muleapp1_muleguard_config
2026-01-13 22:49:46 [HTTP-Dispatcher] INFO  com.raks.muleguard.MuleGuardMain -    FAIL | Files Scanned: 17 | Passed: 15 | Failed: 2
2026-01-13 22:49:46 [HTTP-Dispatcher] INFO  com.raks.muleguard.MuleGuardMain - MuleGuard Validation Complete | Total APIs: 6 | Passed: 72 | Failed: 40
2026-01-13 22:49:46 [HTTP-Dispatcher] INFO  com.raks.muleguard.MuleGuardMain - Consolidated report: c:\raks\temp\muleguard-reports\CONSOLIDATED-REPORT.html
2026-01-13 22:50:19 [Thread-1] INFO  c.raks.muleguard.util.SessionManager - Shutdown hook triggered - cleaning up all sessions
2026-01-13 22:53:46 [main] INFO  com.raks.muleguard.gui.MuleGuardGUI - MuleGuard GUI started at http://localhost:8080
2026-01-13 22:53:46 [main] INFO  com.raks.muleguard.gui.MuleGuardGUI - Press Ctrl+C to stop
2026-01-13 22:53:57 [HTTP-Dispatcher] INFO  com.raks.muleguard.gui.MuleGuardGUI - Running validation on: c:\raks\temp
2026-01-13 22:53:57 [HTTP-Dispatcher] INFO  com.raks.muleguard.MuleGuardMain - MuleGuard started for project: c:\raks\temp
2026-01-13 22:53:58 [HTTP-Dispatcher] INFO  c.r.muleguard.util.ProjectDiscovery - Found 6 Mule project(s)
2026-01-13 22:53:58 [HTTP-Dispatcher] INFO  com.raks.muleguard.MuleGuardMain - 
2026-01-13 22:53:58 [HTTP-Dispatcher] INFO  com.raks.muleguard.MuleGuardMain - Validating API: my-batch-api
2026-01-13 22:54:03 [HTTP-Dispatcher] INFO  c.r.muleguard.engine.ReportGenerator - Logo copied to my-batch-api
2026-01-13 22:54:03 [HTTP-Dispatcher] INFO  com.raks.muleguard.MuleGuardMain -    FAIL | Files Scanned: 19 | Passed: 15 | Failed: 4
2026-01-13 22:54:03 [HTTP-Dispatcher] INFO  com.raks.muleguard.MuleGuardMain - Validating API: my-regular-api
2026-01-13 22:54:04 [HTTP-Dispatcher] INFO  c.r.muleguard.engine.ReportGenerator - Logo copied to my-regular-api
2026-01-13 22:54:04 [HTTP-Dispatcher] INFO  com.raks.muleguard.MuleGuardMain -    FAIL | Files Scanned: 19 | Passed: 15 | Failed: 4
2026-01-13 22:54:04 [HTTP-Dispatcher] INFO  com.raks.muleguard.MuleGuardMain - Validating API: test-exp-api
2026-01-13 22:54:04 [HTTP-Dispatcher] INFO  c.r.muleguard.engine.ReportGenerator - Logo copied to test-exp-api
2026-01-13 22:54:04 [HTTP-Dispatcher] INFO  com.raks.muleguard.MuleGuardMain -    FAIL | Files Scanned: 19 | Passed: 8 | Failed: 11
2026-01-13 22:54:04 [HTTP-Dispatcher] INFO  com.raks.muleguard.MuleGuardMain - Validating API: muleapp1
2026-01-13 22:54:06 [HTTP-Dispatcher] INFO  c.r.muleguard.engine.ReportGenerator - Logo copied to muleapp1
2026-01-13 22:54:06 [HTTP-Dispatcher] INFO  com.raks.muleguard.MuleGuardMain -    FAIL | Files Scanned: 19 | Passed: 10 | Failed: 9
2026-01-13 22:54:06 [HTTP-Dispatcher] INFO  com.raks.muleguard.MuleGuardMain - Validating API: muleapp1_muleguard
2026-01-13 22:54:08 [HTTP-Dispatcher] INFO  c.r.muleguard.engine.ReportGenerator - Logo copied to muleapp1_muleguard
2026-01-13 22:54:08 [HTTP-Dispatcher] INFO  com.raks.muleguard.MuleGuardMain -    FAIL | Files Scanned: 19 | Passed: 9 | Failed: 10
2026-01-13 22:54:08 [HTTP-Dispatcher] INFO  com.raks.muleguard.MuleGuardMain - Validating Config: muleapp1_muleguard_config
2026-01-13 22:54:09 [HTTP-Dispatcher] INFO  c.r.muleguard.engine.ReportGenerator - Logo copied to muleapp1_muleguard_config
2026-01-13 22:54:09 [HTTP-Dispatcher] INFO  com.raks.muleguard.MuleGuardMain -    FAIL | Files Scanned: 17 | Passed: 15 | Failed: 2
2026-01-13 22:54:09 [HTTP-Dispatcher] INFO  com.raks.muleguard.MuleGuardMain - MuleGuard Validation Complete | Total APIs: 6 | Passed: 72 | Failed: 40
2026-01-13 22:54:09 [HTTP-Dispatcher] INFO  com.raks.muleguard.MuleGuardMain - Consolidated report: c:\raks\temp\muleguard-reports\CONSOLIDATED-REPORT.html
2026-01-13 22:54:49 [Thread-1] INFO  c.raks.muleguard.util.SessionManager - Shutdown hook triggered - cleaning up all sessions
2026-01-13 22:59:34 [main] INFO  com.raks.muleguard.gui.MuleGuardGUI - MuleGuard GUI started at http://localhost:8080
2026-01-13 22:59:34 [main] INFO  com.raks.muleguard.gui.MuleGuardGUI - Press Ctrl+C to stop
2026-01-13 22:59:45 [HTTP-Dispatcher] INFO  com.raks.muleguard.gui.MuleGuardGUI - Running validation on: c:\raks\temp
2026-01-13 22:59:45 [HTTP-Dispatcher] INFO  com.raks.muleguard.MuleGuardMain - MuleGuard started for project: c:\raks\temp
2026-01-13 22:59:45 [HTTP-Dispatcher] INFO  c.r.muleguard.util.ProjectDiscovery - Found 6 Mule project(s)
2026-01-13 22:59:45 [HTTP-Dispatcher] INFO  com.raks.muleguard.MuleGuardMain - 
2026-01-13 22:59:45 [HTTP-Dispatcher] INFO  com.raks.muleguard.MuleGuardMain - Validating API: my-batch-api
2026-01-13 22:59:52 [HTTP-Dispatcher] INFO  c.r.muleguard.engine.ReportGenerator - Logo copied to my-batch-api
2026-01-13 22:59:52 [HTTP-Dispatcher] INFO  com.raks.muleguard.MuleGuardMain -    FAIL | Files Scanned: 19 | Passed: 15 | Failed: 4
2026-01-13 22:59:52 [HTTP-Dispatcher] INFO  com.raks.muleguard.MuleGuardMain - Validating API: my-regular-api
2026-01-13 22:59:53 [HTTP-Dispatcher] INFO  c.r.muleguard.engine.ReportGenerator - Logo copied to my-regular-api
2026-01-13 22:59:53 [HTTP-Dispatcher] INFO  com.raks.muleguard.MuleGuardMain -    FAIL | Files Scanned: 19 | Passed: 15 | Failed: 4
2026-01-13 22:59:53 [HTTP-Dispatcher] INFO  com.raks.muleguard.MuleGuardMain - Validating API: test-exp-api
2026-01-13 22:59:54 [HTTP-Dispatcher] INFO  c.r.muleguard.engine.ReportGenerator - Logo copied to test-exp-api
2026-01-13 22:59:54 [HTTP-Dispatcher] INFO  com.raks.muleguard.MuleGuardMain -    FAIL | Files Scanned: 19 | Passed: 8 | Failed: 11
2026-01-13 22:59:54 [HTTP-Dispatcher] INFO  com.raks.muleguard.MuleGuardMain - Validating API: muleapp1
2026-01-13 22:59:55 [HTTP-Dispatcher] INFO  c.r.muleguard.engine.ReportGenerator - Logo copied to muleapp1
2026-01-13 22:59:55 [HTTP-Dispatcher] INFO  com.raks.muleguard.MuleGuardMain -    FAIL | Files Scanned: 19 | Passed: 10 | Failed: 9
2026-01-13 22:59:55 [HTTP-Dispatcher] INFO  com.raks.muleguard.MuleGuardMain - Validating API: muleapp1_muleguard
2026-01-13 22:59:57 [HTTP-Dispatcher] INFO  c.r.muleguard.engine.ReportGenerator - Logo copied to muleapp1_muleguard
2026-01-13 22:59:57 [HTTP-Dispatcher] INFO  com.raks.muleguard.MuleGuardMain -    FAIL | Files Scanned: 19 | Passed: 9 | Failed: 10
2026-01-13 22:59:57 [HTTP-Dispatcher] INFO  com.raks.muleguard.MuleGuardMain - Validating Config: muleapp1_muleguard_config
2026-01-13 22:59:57 [HTTP-Dispatcher] INFO  c.r.muleguard.engine.ReportGenerator - Logo copied to muleapp1_muleguard_config
2026-01-13 22:59:57 [HTTP-Dispatcher] INFO  com.raks.muleguard.MuleGuardMain -    FAIL | Files Scanned: 17 | Passed: 15 | Failed: 2
2026-01-13 22:59:58 [HTTP-Dispatcher] INFO  com.raks.muleguard.MuleGuardMain - MuleGuard Validation Complete | Total APIs: 6 | Passed: 72 | Failed: 40
2026-01-13 22:59:58 [HTTP-Dispatcher] INFO  com.raks.muleguard.MuleGuardMain - Consolidated report: c:\raks\temp\muleguard-reports\CONSOLIDATED-REPORT.html
